#
# There is insufficient memory for the Java Runtime Environment to continue.
# Native memory allocation (mmap) failed to map 268435456 bytes for G1 virtual space
# Possible reasons:
#   The system is out of physical RAM or swap space
#   The process is running with CompressedOops enabled, and the Java Heap may be blocking the growth of the native heap
# Possible solutions:
#   Reduce memory load on the system
#   Increase physical memory or swap space
#   Check if swap backing store is full
#   Decrease Java heap size (-Xmx/-Xms)
#   Decrease number of Java threads
#   Decrease Java thread stack sizes (-Xss)
#   Set larger code cache with -XX:ReservedCodeCacheSize=
#   JVM is running with Zero Based Compressed Oops mode in which the Java heap is
#     placed in the first 32GB address space. The Java Heap base address is the
#     maximum limit for the native heap growth. Please use -XX:HeapBaseMinAddress
#     to set the Java Heap base and to place the Java Heap above 32GB virtual address.
# This output file may be truncated or incomplete.
#
#  Out of Memory Error (os_windows.cpp:3535), pid=24564, tid=39244
#
# JRE version:  (17.0.3+6) (build )
# Java VM: OpenJDK 64-Bit Server VM (17.0.3+6-LTS, mixed mode, sharing, tiered, compressed oops, compressed class ptrs, g1 gc, windows-amd64)
# No core dump will be written. Minidumps are not enabled by default on client versions of Windows
#

---------------  S U M M A R Y ------------

Command Line: -javaagent:C:\Program Files\JetBrains\IntelliJ IDEA 2022.1\lib\idea_rt.jar=57552:C:\Program Files\JetBrains\IntelliJ IDEA 2022.1\bin -Dfile.encoding=UTF-8 --module-path=D:\JFX for course\javafx-sdk-11\lib\javafx.controls.jar;D:\JFX for course\ApachePOI-5.2.2\lib\SparseBitSet-1.2.jar;D:\JFX for course\ApachePOI-5.2.2\poi-ooxml-full-5.2.2.jar;D:\JFX for course\ApachePOI-5.2.2\poi-ooxml-lite-5.2.2.jar;D:\JFX for course\ApachePOI-5.2.2\poi-scratchpad-5.2.2.jar;D:\JFX for course\ApachePOI-5.2.2\lib\commons-codec-1.15.jar;D:\JFX for course\ApachePOI-5.2.2\lib\commons-math3-3.6.1.jar;D:\JFX for course\ApachePOI-5.2.2\lib\commons-collections4-4.4.jar;D:\JFX for course\ApachePOI-5.2.2\lib\log4j-api-2.17.2.jar;D:\JFX for course\javafx-sdk-11\lib\javafx.graphics.jar;D:\JFX for course\javafx-sdk-11\lib\javafx.fxml.jar;D:\JFX for course\ApachePOI-5.2.2\ooxml-lib\xmlbeans-5.0.3.jar;D:\JFX for course\ApachePOI-5.2.2\lib\commons-io-2.11.0.jar;D:\JFX for course\javafx-sdk-11\lib\javafx.base.jar;D:\JFX for course\ApachePOI-5.2.2\poi-5.2.2.jar;D:\JFX for course\ApachePOI-5.2.2\ooxml-lib\commons-compress-1.21.jar;D:\JFX for course\ApachePOI-5.2.2\poi-ooxml-5.2.2.jar;D:\kollya junior\term tany\Advanced Prog\project\Java-Project\out\production\Java-Project -Djdk.module.main=JAVAFX_Controllers JAVAFX_Controllers/JAVAFX_Controllers.ProjectApplication

Host: Intel(R) Xeon(R) CPU E5-1650 v3 @ 3.50GHz, 12 cores, 15G,  Windows 10 , 64 bit Build 19041 (10.0.19041.1566)
Time: Fri May 13 11:25:29 2022 Egypt Standard Time elapsed time: 0.037157 seconds (0d 0h 0m 0s)

---------------  T H R E A D  ---------------

Current thread (0x0000022352ea9230):  JavaThread "Unknown thread" [_thread_in_vm, id=39244, stack(0x000000f421f00000,0x000000f422000000)]

Stack: [0x000000f421f00000,0x000000f422000000]
Native frames: (J=compiled Java code, j=interpreted, Vv=VM code, C=native code)
V  [jvm.dll+0x645e5a]
V  [jvm.dll+0x7f6fc4]
V  [jvm.dll+0x7f877e]
V  [jvm.dll+0x7f8dd3]
V  [jvm.dll+0x234bb8]
V  [jvm.dll+0x642d9a]
V  [jvm.dll+0x637762]
V  [jvm.dll+0x2f2d09]
V  [jvm.dll+0x2f9ee6]
V  [jvm.dll+0x3459ea]
V  [jvm.dll+0x345c2f]
V  [jvm.dll+0x2c91a8]
V  [jvm.dll+0x2ca139]
V  [jvm.dll+0x7ca6e1]
V  [jvm.dll+0x352e01]
V  [jvm.dll+0x7aab0e]
V  [jvm.dll+0x3ce743]
V  [jvm.dll+0x3d0181]
C  [jli.dll+0x51af]
C  [ucrtbase.dll+0x21bb2]
C  [KERNEL32.DLL+0x17034]
C  [ntdll.dll+0x52651]


---------------  P R O C E S S  ---------------

Threads class SMR info:
_java_thread_list=0x00007ffe8915d718, length=0, elements={
}

Java Threads: ( => current thread )

Other Threads:
  0x0000022352f15bb0 GCTaskThread "GC Thread#0" [stack: 0x000000f422000000,0x000000f422100000] [id=35480]
  0x0000022352f27dd0 ConcurrentGCThread "G1 Main Marker" [stack: 0x000000f422100000,0x000000f422200000] [id=33056]
  0x0000022352f2a030 ConcurrentGCThread "G1 Conc#0" [stack: 0x000000f422200000,0x000000f422300000] [id=4740]

[error occurred during error reporting (printing all threads), id 0xc0000005, EXCEPTION_ACCESS_VIOLATION (0xc0000005) at pc=0x00007ffe8894a397]

VM state: not at safepoint (not fully initialized)

VM Mutex/Monitor currently owned by a thread:  ([mutex/lock_event])
[0x0000022352ea37f0] Heap_lock - owner thread: 0x0000022352ea9230

Heap address: 0x0000000701200000, size: 4078 MB, Compressed Oops mode: Zero based, Oop shift amount: 3

CDS archive(s) mapped at: [0x0000000000000000-0x0000000000000000-0x0000000000000000), size 0, SharedBaseAddress: 0x0000000800000000, ArchiveRelocationMode: 0.
Narrow klass base: 0x0000000000000000, Narrow klass shift: 0, Narrow klass range: 0x0

GC Precious Log:
<Empty>

Heap:
 garbage-first heap   total 0K, used 0K [0x0000000701200000, 0x0000000800000000)
  region size 2048K, 0 young (0K), 0 survivors (0K)

[error occurred during error reporting (printing heap information), id 0xc0000005, EXCEPTION_ACCESS_VIOLATION (0xc0000005) at pc=0x00007ffe88d0d929]

GC Heap History (0 events):
No events

Deoptimization events (0 events):
No events

Classes unloaded (0 events):
No events

Classes redefined (0 events):
No events

Internal exceptions (0 events):
No events

VM Operations (0 events):
No events

Events (1 events):
Event: 0.008 Loaded shared library D:\JDK\jdk17.0.3_6\bin\java.dll


Dynamic libraries:
0x00007ff7e4500000 - 0x00007ff7e450d000 	D:\JDK\jdk17.0.3_6\bin\java.exe
0x00007ffef6590000 - 0x00007ffef6785000 	C:\WINDOWS\SYSTEM32\ntdll.dll
0x00007ffef6200000 - 0x00007ffef62be000 	C:\WINDOWS\System32\KERNEL32.DLL
0x00007ffef4160000 - 0x00007ffef4428000 	C:\WINDOWS\System32\KERNELBASE.dll
0x00007ffef3f00000 - 0x00007ffef4000000 	C:\WINDOWS\System32\ucrtbase.dll
0x00007ffee1ac0000 - 0x00007ffee1ad5000 	D:\JDK\jdk17.0.3_6\bin\VCRUNTIME140.dll
0x00007ffee1c20000 - 0x00007ffee1c38000 	D:\JDK\jdk17.0.3_6\bin\jli.dll
0x00007ffef5340000 - 0x00007ffef54e0000 	C:\WINDOWS\System32\USER32.dll
0x00007ffee2fd0000 - 0x00007ffee326a000 	C:\WINDOWS\WinSxS\amd64_microsoft.windows.common-controls_6595b64144ccf1df_6.0.19041.1110_none_60b5254171f9507e\COMCTL32.dll
0x00007ffef3cb0000 - 0x00007ffef3cd2000 	C:\WINDOWS\System32\win32u.dll
0x00007ffef5cc0000 - 0x00007ffef5d5e000 	C:\WINDOWS\System32\msvcrt.dll
0x00007ffef54e0000 - 0x00007ffef550b000 	C:\WINDOWS\System32\GDI32.dll
0x00007ffef3ce0000 - 0x00007ffef3deb000 	C:\WINDOWS\System32\gdi32full.dll
0x00007ffef4430000 - 0x00007ffef44cd000 	C:\WINDOWS\System32\msvcp_win.dll
0x00007ffef47c0000 - 0x00007ffef47f0000 	C:\WINDOWS\System32\IMM32.DLL
0x00007ffec58c0000 - 0x00007ffec595b000 	D:\JDK\jdk17.0.3_6\bin\msvcp140.dll
0x00007ffe88670000 - 0x00007ffe8928b000 	D:\JDK\jdk17.0.3_6\bin\server\jvm.dll
0x00007ffef58b0000 - 0x00007ffef595e000 	C:\WINDOWS\System32\ADVAPI32.dll
0x00007ffef64b0000 - 0x00007ffef654c000 	C:\WINDOWS\System32\sechost.dll
0x00007ffef62c0000 - 0x00007ffef63e5000 	C:\WINDOWS\System32\RPCRT4.dll
0x00007ffef5330000 - 0x00007ffef5338000 	C:\WINDOWS\System32\PSAPI.DLL
0x00007ffef1450000 - 0x00007ffef1459000 	C:\WINDOWS\SYSTEM32\WSOCK32.dll
0x00007ffeeb720000 - 0x00007ffeeb747000 	C:\WINDOWS\SYSTEM32\WINMM.dll
0x00007ffeee4b0000 - 0x00007ffeee4ba000 	C:\WINDOWS\SYSTEM32\VERSION.dll
0x00007ffef4f40000 - 0x00007ffef4fab000 	C:\WINDOWS\System32\WS2_32.dll
0x00007ffef1be0000 - 0x00007ffef1bf2000 	C:\WINDOWS\SYSTEM32\kernel.appcore.dll
0x00007ffee1c10000 - 0x00007ffee1c1a000 	D:\JDK\jdk17.0.3_6\bin\jimage.dll
0x00007ffee9bd0000 - 0x00007ffee9db4000 	C:\WINDOWS\SYSTEM32\DBGHELP.DLL
0x00007ffedb420000 - 0x00007ffedb44c000 	C:\WINDOWS\SYSTEM32\dbgcore.DLL
0x00007ffef3e40000 - 0x00007ffef3ec2000 	C:\WINDOWS\System32\bcryptPrimitives.dll
0x00007ffee1a50000 - 0x00007ffee1a5e000 	D:\JDK\jdk17.0.3_6\bin\instrument.dll
0x00007ffee1a60000 - 0x00007ffee1a85000 	D:\JDK\jdk17.0.3_6\bin\java.dll

dbghelp: loaded successfully - version: 4.0.5 - missing functions: none
symbol engine: initialized successfully - sym options: 0x614 - pdb path: .;D:\JDK\jdk17.0.3_6\bin;C:\WINDOWS\SYSTEM32;C:\WINDOWS\WinSxS\amd64_microsoft.windows.common-controls_6595b64144ccf1df_6.0.19041.1110_none_60b5254171f9507e;D:\JDK\jdk17.0.3_6\bin\server

VM Arguments:
jvm_args: -javaagent:C:\Program Files\JetBrains\IntelliJ IDEA 2022.1\lib\idea_rt.jar=57552:C:\Program Files\JetBrains\IntelliJ IDEA 2022.1\bin -Dfile.encoding=UTF-8 --module-path=D:\JFX for course\javafx-sdk-11\lib\javafx.controls.jar;D:\JFX for course\ApachePOI-5.2.2\lib\SparseBitSet-1.2.jar;D:\JFX for course\ApachePOI-5.2.2\poi-ooxml-full-5.2.2.jar;D:\JFX for course\ApachePOI-5.2.2\poi-ooxml-lite-5.2.2.jar;D:\JFX for course\ApachePOI-5.2.2\poi-scratchpad-5.2.2.jar;D:\JFX for course\ApachePOI-5.2.2\lib\commons-codec-1.15.jar;D:\JFX for course\ApachePOI-5.2.2\lib\commons-math3-3.6.1.jar;D:\JFX for course\ApachePOI-5.2.2\lib\commons-collections4-4.4.jar;D:\JFX for course\ApachePOI-5.2.2\lib\log4j-api-2.17.2.jar;D:\JFX for course\javafx-sdk-11\lib\javafx.graphics.jar;D:\JFX for course\javafx-sdk-11\lib\javafx.fxml.jar;D:\JFX for course\ApachePOI-5.2.2\ooxml-lib\xmlbeans-5.0.3.jar;D:\JFX for course\ApachePOI-5.2.2\lib\commons-io-2.11.0.jar;D:\JFX for course\javafx-sdk-11\lib\javafx.base.jar;D:\JFX for course\ApachePOI-5.2.2\poi-5.2.2.jar;D:\JFX for course\ApachePOI-5.2.2\ooxml-lib\commons-compress-1.21.jar;D:\JFX for course\ApachePOI-5.2.2\poi-ooxml-5.2.2.jar;D:\kollya junior\term tany\Advanced Prog\project\Java-Project\out\production\Java-Project -Djdk.module.main=JAVAFX_Controllers 
java_command: JAVAFX_Controllers/JAVAFX_Controllers.ProjectApplication
java_class_path (initial): D:\JFX for course\javafx-sdk-11\lib\javafx-swt.jar;D:\JFX for course\javafx-sdk-11\lib\javafx.media.jar;D:\JFX for course\javafx-sdk-11\lib\javafx.swing.jar;D:\JFX for course\javafx-sdk-11\lib\javafx.web.jar;D:\JFX for course\ApachePOI-5.2.2\ooxml-lib\commons-logging-1.2.jar;D:\JFX for course\ApachePOI-5.2.2\ooxml-lib\curvesapi-1.07.jar;D:\JFX for course\ApachePOI-5.2.2\poi-examples-5.2.2.jar;D:\JFX for course\ApachePOI-5.2.2\ooxml-lib\slf4j-api-1.7.36.jar;D:\JFX for course\ApachePOI-5.2.2\poi-excelant-5.2.2.jar
Launcher Type: SUN_STANDARD

[Global flags]
     intx CICompilerCount                          = 4                                         {product} {ergonomic}
     uint ConcGCThreads                            = 3                                         {product} {ergonomic}
     uint G1ConcRefinementThreads                  = 10                                        {product} {ergonomic}
   size_t G1HeapRegionSize                         = 2097152                                   {product} {ergonomic}
    uintx GCDrainStackTargetSize                   = 64                                        {product} {ergonomic}
   size_t InitialHeapSize                          = 268435456                                 {product} {ergonomic}
   size_t MarkStackSize                            = 4194304                                   {product} {ergonomic}
   size_t MaxHeapSize                              = 4276092928                                {product} {ergonomic}
   size_t MinHeapDeltaBytes                        = 2097152                                   {product} {ergonomic}
   size_t MinHeapSize                              = 8388608                                   {product} {ergonomic}
    uintx NonNMethodCodeHeapSize                   = 5839372                                {pd product} {ergonomic}
    uintx NonProfiledCodeHeapSize                  = 122909434                              {pd product} {ergonomic}
    uintx ProfiledCodeHeapSize                     = 122909434                              {pd product} {ergonomic}
    uintx ReservedCodeCacheSize                    = 251658240                              {pd product} {ergonomic}
     bool SegmentedCodeCache                       = true                                      {product} {ergonomic}
   size_t SoftMaxHeapSize                          = 4276092928                             {manageable} {ergonomic}
     bool UseCompressedClassPointers               = true                           {product lp64_product} {ergonomic}
     bool UseCompressedOops                        = true                           {product lp64_product} {ergonomic}
     bool UseG1GC                                  = true                                      {product} {ergonomic}
     bool UseLargePagesIndividualAllocation        = false                                  {pd product} {ergonomic}

Logging:
Log output configuration:
 #0: stdout all=warning uptime,level,tags
 #1: stderr all=off uptime,level,tags

Environment Variables:
JAVA_HOME=C:\Program Files\Amazon Corretto\jdk11.0.14_10
PATH=C:\Program Files\Amazon Corretto\jdk11.0.14_10\bin;C:\Program Files (x86)\Common Files\Oracle\Java\javapath;C:\Windows\system32;C:\Windows;C:\Windows\System32\Wbem;C:\Windows\System32\WindowsPowerShell\v1.0\;C:\Windows\System32\OpenSSH\;C:\Program Files (x86)\NVIDIA Corporation\PhysX\Common;C:\Program Files\Common Files\Autodesk Shared\;C:\Program Files (x86)\Autodesk\Backburner\;C:\Program Files\Microsoft SQL Server\120\Tools\Binn\;C:\Program Files\NVIDIA Corporation\NVIDIA NvDLISR;C:\WINDOWS\system32;C:\WINDOWS;C:\WINDOWS\System32\Wbem;C:\WINDOWS\System32\WindowsPowerShell\v1.0\;C:\WINDOWS\System32\OpenSSH\;D:\MATLAB SOURCE\runtime\win64;D:\MATLAB SOURCE\bin;D:\MATLAB SOURCE\polyspace\bin;C:\Program Files\SourceGear\Common\DiffMerge\;C:\Program Files\Git\cmd;C:\Users\h\AppData\Local\Microsoft\WindowsApps;C:\Users\h\AppData\Local\Programs\Microsoft VS Code\bin;C:\Users\h\AppData\Local\gitkraken\bin
USERNAME=h
OS=Windows_NT
PROCESSOR_IDENTIFIER=Intel64 Family 6 Model 63 Stepping 2, GenuineIntel



---------------  S Y S T E M  ---------------

OS:
 Windows 10 , 64 bit Build 19041 (10.0.19041.1566)
OS uptime: 32 days 10:58 hours

CPU: total 12 (initial active 12) (6 cores per cpu, 2 threads per core) family 6 model 63 stepping 2 microcode 0x43, cx8, cmov, fxsr, ht, mmx, sse, sse2, sse3, ssse3, sse4.1, sse4.2, popcnt, lzcnt, tsc, tscinvbit, avx, avx2, aes, erms, clmul, bmi1, bmi2, fma, vzeroupper, clflush

Memory: 4k page, system-wide physical 16304M (744M free)
TotalPageFile size 44762M (AvailPageFile size 126M)
current process WorkingSet (physical memory assigned to process): 10M, peak: 10M
current process commit charge ("private bytes"): 64M, peak: 320M

vm_info: OpenJDK 64-Bit Server VM (17.0.3+6-LTS) for windows-amd64 JRE (17.0.3+6-LTS), built on Apr 15 2022 22:16:02 by "Administrator" with MS VC++ 15.9 (VS2017)

END.
